Building GhostPDF+ Beta...
Building for production...
[0/4] Write sources
[1/4] Write swift-version--58304C5D6DBC2206.txt
[3/5] Compiling GhostPDF_ CitationFormatter.swift
/Users/usalman/pdf_compressor_store/NanoPDF-Complete/Sources/ContentView.swift:4241:9: warning: application of result builder 'ViewBuilder' disabled by explicit 'return' statement
4229 |     }
4230 | 
4231 |     @ViewBuilder
     |     `- note: remove the attribute to explicitly disable the result builder
4232 |     private var outputAreaView: some View {
4233 |         let isActiveGrammar = activeAction == .grammar
     :
4239 |         let processingMessage = isActiveGrammar ? "AI is proofreading your document..." : "AI is analyzing your document..."
4240 | 
4241 |         return GroupBox(headerTitle) {
     |         |- warning: application of result builder 'ViewBuilder' disabled by explicit 'return' statement
     |         `- note: remove 'return' statements to apply the result builder
4242 |             VStack(alignment: .trailing, spacing: 8) {
4243 |                 HStack {

/Users/usalman/pdf_compressor_store/NanoPDF-Complete/Sources/ContentView.swift:4464:27: error: 'LanguageModelSession' is only available in macOS 26.0 or newer
3772 | }
3773 | 
3774 | struct AITabView: View {
     |        `- note: add '@available' attribute to enclosing struct
3775 |     @Binding var selectedFiles: [ContentView.PDFFile]
3776 |     @Binding var summaryType: SummaryType
     :
4462 |     private func proofreadChunk(prompt: String) async -> String? {
4463 |         do {
4464 |             let session = LanguageModelSession()
     |                           |- error: 'LanguageModelSession' is only available in macOS 26.0 or newer
     |                           `- note: add 'if #available' version check
4465 |             let response = try await session.respond(to: prompt)
4466 |             return response.content

/Users/usalman/pdf_compressor_store/NanoPDF-Complete/Sources/ContentView.swift:4465:17: warning: conformance of 'String' to 'Generable' is only available in macOS 26.0 or newer; this is an error in the Swift 6 language mode
3772 | }
3773 | 
3774 | struct AITabView: View {
     |        `- note: add '@available' attribute to enclosing struct
3775 |     @Binding var selectedFiles: [ContentView.PDFFile]
3776 |     @Binding var summaryType: SummaryType
     :
4463 |         do {
4464 |             let session = LanguageModelSession()
4465 |             let response = try await session.respond(to: prompt)
     |                 |- warning: conformance of 'String' to 'Generable' is only available in macOS 26.0 or newer; this is an error in the Swift 6 language mode
     |                 `- note: add 'if #available' version check
4466 |             return response.content
4467 |         } catch {

/Users/usalman/pdf_compressor_store/NanoPDF-Complete/Sources/ContentView.swift:4466:29: warning: conformance of 'String' to 'Generable' is only available in macOS 26.0 or newer; this is an error in the Swift 6 language mode
3772 | }
3773 | 
3774 | struct AITabView: View {
     |        `- note: add '@available' attribute to enclosing struct
3775 |     @Binding var selectedFiles: [ContentView.PDFFile]
3776 |     @Binding var summaryType: SummaryType
     :
4464 |             let session = LanguageModelSession()
4465 |             let response = try await session.respond(to: prompt)
4466 |             return response.content
     |                             |- warning: conformance of 'String' to 'Generable' is only available in macOS 26.0 or newer; this is an error in the Swift 6 language mode
     |                             `- note: add 'if #available' version check
4467 |         } catch {
4468 |             print("AI Grammar check failed for chunk: \(error)")

/Users/usalman/pdf_compressor_store/NanoPDF-Complete/Sources/PDFCompressor.swift:776:9: warning: variable 'doi' was never mutated; consider changing to 'let' constant
 774 | 
 775 |     // First, try to extract DOI using unified logic
 776 |     var doi = await findDOI(in: doc, allowOnline: allowOnline) ?? ""
     |         `- warning: variable 'doi' was never mutated; consider changing to 'let' constant
 777 |     var arxivID = ""
 778 |     

/Users/usalman/pdf_compressor_store/NanoPDF-Complete/Sources/PDFCompressor.swift:936:9: warning: variable 'number' was never mutated; consider changing to 'let' constant
 934 |     var journal = "Unknown Journal"
 935 |     var volume = ""
 936 |     var number = ""
     |         `- warning: variable 'number' was never mutated; consider changing to 'let' constant
 937 |     var pages = ""
 938 |     var doi = extractedDOI // Use the DOI already extracted

/Users/usalman/pdf_compressor_store/NanoPDF-Complete/Sources/PDFCompressor.swift:938:9: warning: variable 'doi' was never mutated; consider changing to 'let' constant
 936 |     var number = ""
 937 |     var pages = ""
 938 |     var doi = extractedDOI // Use the DOI already extracted
     |         `- warning: variable 'doi' was never mutated; consider changing to 'let' constant
 939 |     
 940 |     if let firstPage = doc.page(at: 0), let text = firstPage.string {

/Users/usalman/pdf_compressor_store/NanoPDF-Complete/Sources/PDFCompressor.swift:2481:9: warning: variable 'docDOI' was never mutated; consider changing to 'let' constant
2479 |     
2480 |     // 0. Try to find DOI using sophisticated logic
2481 |     var docDOI: String? = await findDOI(in: doc, allowOnline: allowOnline)
     |         `- warning: variable 'docDOI' was never mutated; consider changing to 'let' constant
2482 |     var docArXivID: String? = nil
2483 |     
