=========================================
Building GhostPDF+ Bundled 3.0.0 (Notarized)
=========================================
Building release binary...
Building for production...
[0/4] Write sources
[1/4] Write swift-version--58304C5D6DBC2206.txt
[3/5] Compiling GhostPDF_ CitationFormatter.swift
/Users/usalman/pdf_compressor_store/NanoPDF-Complete/Sources/PDFCompressor.swift:776:9: warning: variable 'doi' was never mutated; consider changing to 'let' constant
 774 | 
 775 |     // First, try to extract DOI using unified logic
 776 |     var doi = await findDOI(in: doc, allowOnline: allowOnline) ?? ""
     |         `- warning: variable 'doi' was never mutated; consider changing to 'let' constant
 777 |     var arxivID = ""
 778 |     

/Users/usalman/pdf_compressor_store/NanoPDF-Complete/Sources/PDFCompressor.swift:936:9: warning: variable 'number' was never mutated; consider changing to 'let' constant
 934 |     var journal = "Unknown Journal"
 935 |     var volume = ""
 936 |     var number = ""
     |         `- warning: variable 'number' was never mutated; consider changing to 'let' constant
 937 |     var pages = ""
 938 |     var doi = extractedDOI // Use the DOI already extracted

/Users/usalman/pdf_compressor_store/NanoPDF-Complete/Sources/PDFCompressor.swift:938:9: warning: variable 'doi' was never mutated; consider changing to 'let' constant
 936 |     var number = ""
 937 |     var pages = ""
 938 |     var doi = extractedDOI // Use the DOI already extracted
     |         `- warning: variable 'doi' was never mutated; consider changing to 'let' constant
 939 |     
 940 |     if let firstPage = doc.page(at: 0), let text = firstPage.string {

/Users/usalman/pdf_compressor_store/NanoPDF-Complete/Sources/PDFCompressor.swift:2478:9: warning: variable 'docDOI' was never mutated; consider changing to 'let' constant
2476 |     
2477 |     // 0. Try to find DOI using sophisticated logic
2478 |     var docDOI: String? = await findDOI(in: doc, allowOnline: allowOnline)
     |         `- warning: variable 'docDOI' was never mutated; consider changing to 'let' constant
2479 |     var docArXivID: String? = nil
2480 |     
[3/5] Write Objects.LinkFileList
[4/5] Linking GhostPDF+
Build complete! (44.17s)

Processing Icon...
Converting assets/icon.png to AppIcon.icns...
Icon processed successfully.

Preparing Ghostscript bundle...
=========================================
Preparing Ghostscript for Bundling
=========================================
Ghostscript is already installed via Homebrew
Ghostscript prefix: /opt/homebrew/opt/ghostscript

Copying Ghostscript binary...
Copying shared libraries (including all dependencies)...
  Copying: libjbig2dec.0.dylib
  Copying: libtiff.6.dylib
  Copying: libzstd.1.dylib
  Copying: liblzma.5.dylib
  Copying: libjpeg.8.dylib
  Copying: libpng16.16.dylib
  Copying: liblcms2.2.dylib
  Copying: libidn.12.dylib
  Copying: libfontconfig.1.dylib
  Copying: libfreetype.6.dylib
  Copying: libintl.8.dylib
  Copying: libopenjp2.7.dylib
  Copying: libtesseract.5.dylib
  Copying: libleptonica.6.dylib
  Copying: libgif.dylib
  Copying: libwebp.7.dylib
  Copying: libsharpyuv.0.dylib
  Copying: libwebpmux.3.dylib
  Copying: libarchive.13.dylib
  Copying: liblz4.1.dylib
  Copying: libb2.1.dylib
  Copying: libgpcl6.10.06.dylib
  Copying: libgpcl6.10.dylib
  Copying: libgpcl6.dylib
  Copying: libgpdl.10.06.dylib
  Copying: libgpdl.10.dylib
  Copying: libgpdl.dylib
  Copying: libgs.10.06.dylib
  Copying: libgs.10.dylib
  Copying: libgs.dylib
  Copying: libgxps.10.06.dylib
  Copying: libgxps.10.dylib
  Copying: libgxps.dylib
Copying Ghostscript resources...

Updating library paths in binary...
Processing gs binary dependencies...
  Relinking: libjbig2dec.0.dylib
  Relinking: libtiff.6.dylib
  Relinking: libpng16.16.dylib
  Relinking: libjpeg.8.dylib
  Relinking: liblcms2.2.dylib
  Relinking: libidn.12.dylib
  Relinking: libfontconfig.1.dylib
  Relinking: libfreetype.6.dylib
  Relinking: libopenjp2.7.dylib
  Relinking: libtesseract.5.dylib
  Relinking: libarchive.13.dylib
  Relinking: libleptonica.6.dylib
Processing library interdependencies...

Re-signing binaries after modification...

Verifying binary...
ghostscript-bundle/bin/gs: Mach-O 64-bit executable arm64
Non-fat file: ghostscript-bundle/bin/gs is architecture: arm64

=========================================
Ghostscript Bundle Ready!
=========================================

Bundle location: ghostscript-bundle
Binary: ghostscript-bundle/bin/gs
Libraries: ghostscript-bundle/lib/
Resources: ghostscript-bundle/share/

This bundle will be included in the app during build.

Copying Ghostscript bundle to app...
Ghostscript bundle copied to build/GhostPDF+.app/Contents/Resources/ghostscript

Signing Ghostscript binaries and libraries...
  Signing: libarchive.13.dylib
build/GhostPDF+.app/Contents/Resources/ghostscript/lib/libarchive.13.dylib: replacing existing signature
  Signing: libb2.1.dylib
build/GhostPDF+.app/Contents/Resources/ghostscript/lib/libb2.1.dylib: replacing existing signature
  Signing: libfontconfig.1.dylib
build/GhostPDF+.app/Contents/Resources/ghostscript/lib/libfontconfig.1.dylib: replacing existing signature
  Signing: libfreetype.6.dylib
build/GhostPDF+.app/Contents/Resources/ghostscript/lib/libfreetype.6.dylib: replacing existing signature
  Signing: libgif.dylib
build/GhostPDF+.app/Contents/Resources/ghostscript/lib/libgif.dylib: replacing existing signature
  Signing: libgpcl6.10.06.dylib
build/GhostPDF+.app/Contents/Resources/ghostscript/lib/libgpcl6.10.06.dylib: replacing existing signature
  Signing: libgpcl6.10.dylib
build/GhostPDF+.app/Contents/Resources/ghostscript/lib/libgpcl6.10.dylib: replacing existing signature
  Signing: libgpcl6.dylib
build/GhostPDF+.app/Contents/Resources/ghostscript/lib/libgpcl6.dylib: replacing existing signature
  Signing: libgpdl.10.06.dylib
build/GhostPDF+.app/Contents/Resources/ghostscript/lib/libgpdl.10.06.dylib: replacing existing signature
  Signing: libgpdl.10.dylib
build/GhostPDF+.app/Contents/Resources/ghostscript/lib/libgpdl.10.dylib: replacing existing signature
  Signing: libgpdl.dylib
build/GhostPDF+.app/Contents/Resources/ghostscript/lib/libgpdl.dylib: replacing existing signature
  Signing: libgs.10.06.dylib
build/GhostPDF+.app/Contents/Resources/ghostscript/lib/libgs.10.06.dylib: replacing existing signature
  Signing: libgs.10.dylib
build/GhostPDF+.app/Contents/Resources/ghostscript/lib/libgs.10.dylib: replacing existing signature
  Signing: libgs.dylib
build/GhostPDF+.app/Contents/Resources/ghostscript/lib/libgs.dylib: replacing existing signature
  Signing: libgxps.10.06.dylib
build/GhostPDF+.app/Contents/Resources/ghostscript/lib/libgxps.10.06.dylib: replacing existing signature
  Signing: libgxps.10.dylib
build/GhostPDF+.app/Contents/Resources/ghostscript/lib/libgxps.10.dylib: replacing existing signature
  Signing: libgxps.dylib
build/GhostPDF+.app/Contents/Resources/ghostscript/lib/libgxps.dylib: replacing existing signature
  Signing: libidn.12.dylib
build/GhostPDF+.app/Contents/Resources/ghostscript/lib/libidn.12.dylib: replacing existing signature
  Signing: libintl.8.dylib
build/GhostPDF+.app/Contents/Resources/ghostscript/lib/libintl.8.dylib: replacing existing signature
  Signing: libjbig2dec.0.dylib
build/GhostPDF+.app/Contents/Resources/ghostscript/lib/libjbig2dec.0.dylib: replacing existing signature
  Signing: libjpeg.8.dylib
build/GhostPDF+.app/Contents/Resources/ghostscript/lib/libjpeg.8.dylib: replacing existing signature
  Signing: liblcms2.2.dylib
build/GhostPDF+.app/Contents/Resources/ghostscript/lib/liblcms2.2.dylib: replacing existing signature
  Signing: libleptonica.6.dylib
build/GhostPDF+.app/Contents/Resources/ghostscript/lib/libleptonica.6.dylib: replacing existing signature
  Signing: liblz4.1.dylib
build/GhostPDF+.app/Contents/Resources/ghostscript/lib/liblz4.1.dylib: replacing existing signature
  Signing: liblzma.5.dylib
build/GhostPDF+.app/Contents/Resources/ghostscript/lib/liblzma.5.dylib: replacing existing signature
  Signing: libopenjp2.7.dylib
build/GhostPDF+.app/Contents/Resources/ghostscript/lib/libopenjp2.7.dylib: replacing existing signature
  Signing: libpng16.16.dylib
build/GhostPDF+.app/Contents/Resources/ghostscript/lib/libpng16.16.dylib: replacing existing signature
  Signing: libsharpyuv.0.dylib
build/GhostPDF+.app/Contents/Resources/ghostscript/lib/libsharpyuv.0.dylib: replacing existing signature
  Signing: libtesseract.5.dylib
build/GhostPDF+.app/Contents/Resources/ghostscript/lib/libtesseract.5.dylib: replacing existing signature
  Signing: libtiff.6.dylib
build/GhostPDF+.app/Contents/Resources/ghostscript/lib/libtiff.6.dylib: replacing existing signature
  Signing: libwebp.7.dylib
build/GhostPDF+.app/Contents/Resources/ghostscript/lib/libwebp.7.dylib: replacing existing signature
  Signing: libwebpmux.3.dylib
build/GhostPDF+.app/Contents/Resources/ghostscript/lib/libwebpmux.3.dylib: replacing existing signature
  Signing: libzstd.1.dylib
build/GhostPDF+.app/Contents/Resources/ghostscript/lib/libzstd.1.dylib: replacing existing signature
  Signing: gs binary
build/GhostPDF+.app/Contents/Resources/ghostscript/bin/gs: replacing existing signature

Signing app bundle...
build/GhostPDF+.app: replacing existing signature
Verifying signature...
build/GhostPDF+.app: valid on disk
build/GhostPDF+.app: satisfies its Designated Requirement

Creating DMG...
created: /Users/usalman/pdf_compressor_store/NanoPDF-Complete/dist/GhostPDF+-3.0.0-Bundled.dmg

Notarizing...
Conducting pre-submission checks for GhostPDF+-3.0.0-Bundled.dmg and initiating connection to the Apple notary service...
Submission ID received
  id: 8d7d7ba2-3f2c-41cb-a1d9-f96730db6c53
Successfully uploaded file
  id: 8d7d7ba2-3f2c-41cb-a1d9-f96730db6c53
  path: /Users/usalman/pdf_compressor_store/NanoPDF-Complete/dist/GhostPDF+-3.0.0-Bundled.dmg
Waiting for processing to complete.
Current status: In Progress...Current status: In Progress....Current status: In Progress.....Current status: In Progress......Current status: In Progress.......Current status: In Progress........Current status: In Progress.........Current status: In Progress..........Current status: In Progress...........Current status: In Progress............Current status: In Progress.............Current status: In Progress..............Current status: Accepted...............Processing complete
  id: 8d7d7ba2-3f2c-41cb-a1d9-f96730db6c53
  status: Accepted


Stapling notarization ticket...
Processing: /Users/usalman/pdf_compressor_store/NanoPDF-Complete/dist/GhostPDF+-3.0.0-Bundled.dmg
Processing: /Users/usalman/pdf_compressor_store/NanoPDF-Complete/dist/GhostPDF+-3.0.0-Bundled.dmg
The staple and validate action worked!

=========================================
Build Complete!
=========================================
App bundle: build/GhostPDF+.app
DMG file: dist/GhostPDF+-3.0.0-Bundled.dmg

This bundled version includes Ghostscript and is ready for distribution.
