Building GhostPDF+ Beta...
Building for production...
[0/4] Write sources
[1/4] Write swift-version--58304C5D6DBC2206.txt
[3/5] Compiling GhostPDF_ CitationFormatter.swift
/Users/usalman/pdf_compressor_store/NanoPDF-Complete/Sources/ContentView.swift:4742:32: error: cannot assign to property: 'self' is immutable
4740 |                     Picker("Lookup Mode", selection: Binding(
4741 |                         get: { referenceLookupMode },
4742 |                         set: { referenceLookupMode = $0 }
     |                                `- error: cannot assign to property: 'self' is immutable
4743 |                     )) {
4744 |                         ForEach(ReferenceLookupMode.allCases) { mode in

/Users/usalman/pdf_compressor_store/NanoPDF-Complete/Sources/ContentView.swift:5210:31: error: cannot find 'allowOnlineLookup' in scope
5208 |         let filesToProcess = checkedFiles
5209 |                 let opts = BibTeXFormatOptions(shortenAuthors: shortenAuthors, abbreviateJournals: abbreviateJournals, useLaTeXEscaping: useLaTeXEscaping)
5210 |         let isOnlineAllowed = allowOnlineLookup // Capture value to avoid self capture in Task
     |                               `- error: cannot find 'allowOnlineLookup' in scope
5211 |         
5212 |         Task {

/Users/usalman/pdf_compressor_store/NanoPDF-Complete/Sources/ContentView.swift:5585:83: error: value of type 'ResearcherTabView' has no member 'allowOnlineLookup'
5583 |                 // Pass allowOnlineLookup setting to enable CrossRef fallback if DOI is found
5584 |                         let opts = BibTeXFormatOptions(shortenAuthors: shortenAuthors, abbreviateJournals: abbreviateJournals, useLaTeXEscaping: useLaTeXEscaping)
5585 |                 if let bib = await extractBibTeX(url: file.url, allowOnline: self.allowOnlineLookup, options: opts) {
     |                                                                                   `- error: value of type 'ResearcherTabView' has no member 'allowOnlineLookup'
5586 |                     if let entry = parseBibTeXToMetadata(bib) {
5587 |                         let newName = generateFilename(author: entry.author, year: entry.year, title: entry.title, journal: entry.journal)

/Users/usalman/pdf_compressor_store/NanoPDF-Complete/Sources/PDFCompressor.swift:776:9: warning: variable 'doi' was never mutated; consider changing to 'let' constant
 774 | 
 775 |     // First, try to extract DOI using unified logic
 776 |     var doi = await findDOI(in: doc, allowOnline: allowOnline) ?? ""
     |         `- warning: variable 'doi' was never mutated; consider changing to 'let' constant
 777 |     var arxivID = ""
 778 |     

/Users/usalman/pdf_compressor_store/NanoPDF-Complete/Sources/PDFCompressor.swift:936:9: warning: variable 'number' was never mutated; consider changing to 'let' constant
 934 |     var journal = "Unknown Journal"
 935 |     var volume = ""
 936 |     var number = ""
     |         `- warning: variable 'number' was never mutated; consider changing to 'let' constant
 937 |     var pages = ""
 938 |     var doi = extractedDOI // Use the DOI already extracted

/Users/usalman/pdf_compressor_store/NanoPDF-Complete/Sources/PDFCompressor.swift:938:9: warning: variable 'doi' was never mutated; consider changing to 'let' constant
 936 |     var number = ""
 937 |     var pages = ""
 938 |     var doi = extractedDOI // Use the DOI already extracted
     |         `- warning: variable 'doi' was never mutated; consider changing to 'let' constant
 939 |     
 940 |     if let firstPage = doc.page(at: 0), let text = firstPage.string {

/Users/usalman/pdf_compressor_store/NanoPDF-Complete/Sources/PDFCompressor.swift:2481:9: warning: variable 'docDOI' was never mutated; consider changing to 'let' constant
2479 |     
2480 |     // 0. Try to find DOI using sophisticated logic
2481 |     var docDOI: String? = await findDOI(in: doc, allowOnline: allowOnline)
     |         `- warning: variable 'docDOI' was never mutated; consider changing to 'let' constant
2482 |     var docArXivID: String? = nil
2483 |     
