=========================================
Building CleverGhost Lite 1.0.0 (No Ghostscript)
=========================================
Building release binary...
Building for production...
[0/4] Write sources
[1/4] Write swift-version--58304C5D6DBC2206.txt
[3/5] Compiling CleverGhost CitationFormatter.swift
/Users/usalman/pdf_compressor_store/NanoPDF-Complete/Sources/PDFCompressor.swift:895:9: warning: variable 'doi' was never mutated; consider changing to 'let' constant
 893 | 
 894 |     // First, try to extract DOI using unified logic
 895 |     var doi = await findDOI(in: doc, allowOnline: allowOnline) ?? ""
     |         `- warning: variable 'doi' was never mutated; consider changing to 'let' constant
 896 |     var arxivID = ""
 897 |     

/Users/usalman/pdf_compressor_store/NanoPDF-Complete/Sources/PDFCompressor.swift:1055:9: warning: variable 'number' was never mutated; consider changing to 'let' constant
1053 |     var journal = "Unknown Journal"
1054 |     var volume = ""
1055 |     var number = ""
     |         `- warning: variable 'number' was never mutated; consider changing to 'let' constant
1056 |     var pages = ""
1057 |     var doi = extractedDOI // Use the DOI already extracted

/Users/usalman/pdf_compressor_store/NanoPDF-Complete/Sources/PDFCompressor.swift:1057:9: warning: variable 'doi' was never mutated; consider changing to 'let' constant
1055 |     var number = ""
1056 |     var pages = ""
1057 |     var doi = extractedDOI // Use the DOI already extracted
     |         `- warning: variable 'doi' was never mutated; consider changing to 'let' constant
1058 |     
1059 |     if let firstPage = doc.page(at: 0), let text = firstPage.string {

/Users/usalman/pdf_compressor_store/NanoPDF-Complete/Sources/PDFCompressor.swift:2600:9: warning: variable 'docDOI' was never mutated; consider changing to 'let' constant
2598 |     
2599 |     // 0. Try to find DOI using sophisticated logic
2600 |     var docDOI: String? = await findDOI(in: doc, allowOnline: allowOnline)
     |         `- warning: variable 'docDOI' was never mutated; consider changing to 'let' constant
2601 |     var docArXivID: String? = nil
2602 |     
[3/5] Write Objects.LinkFileList
[4/5] Linking CleverGhost
Build complete! (41.78s)
Using CleverGhost.icns...

Signing app bundle with hardened runtime...
build-lite/CleverGhost.app/Contents/MacOS/CleverGhost: replacing existing signature
build-lite/CleverGhost.app: replacing existing signature
Verifying signature...
build-lite/CleverGhost.app: valid on disk
build-lite/CleverGhost.app: satisfies its Designated Requirement

Creating DMG for distribution...
created: /Users/usalman/pdf_compressor_store/NanoPDF-Complete/dist/CleverGhost-1.0.0-Lite.dmg

=========================================
Build Complete!
=========================================

App bundle: build-lite/CleverGhost.app
DMG file: dist/CleverGhost-1.0.0-Lite.dmg

This LITE version requires users to install Ghostscript via Homebrew:
  brew install ghostscript

NOTE: Notarization skipped. Run notarization separately when ready.

