Building GhostPDF+ Beta...
Building for production...
[0/4] Write sources
[1/4] Write swift-version--58304C5D6DBC2206.txt
[3/5] Compiling GhostPDF_ CitationFormatter.swift
/Users/usalman/pdf_compressor_store/NanoPDF-Complete/Sources/PDFCompressor.swift:819:9: warning: variable 'doi' was never mutated; consider changing to 'let' constant
 817 | 
 818 |     // First, try to extract DOI using unified logic
 819 |     var doi = await findDOI(in: doc, allowOnline: allowOnline) ?? ""
     |         `- warning: variable 'doi' was never mutated; consider changing to 'let' constant
 820 |     var arxivID = ""
 821 |     

/Users/usalman/pdf_compressor_store/NanoPDF-Complete/Sources/PDFCompressor.swift:979:9: warning: variable 'number' was never mutated; consider changing to 'let' constant
 977 |     var journal = "Unknown Journal"
 978 |     var volume = ""
 979 |     var number = ""
     |         `- warning: variable 'number' was never mutated; consider changing to 'let' constant
 980 |     var pages = ""
 981 |     var doi = extractedDOI // Use the DOI already extracted

/Users/usalman/pdf_compressor_store/NanoPDF-Complete/Sources/PDFCompressor.swift:981:9: warning: variable 'doi' was never mutated; consider changing to 'let' constant
 979 |     var number = ""
 980 |     var pages = ""
 981 |     var doi = extractedDOI // Use the DOI already extracted
     |         `- warning: variable 'doi' was never mutated; consider changing to 'let' constant
 982 |     
 983 |     if let firstPage = doc.page(at: 0), let text = firstPage.string {

/Users/usalman/pdf_compressor_store/NanoPDF-Complete/Sources/PDFCompressor.swift:2524:9: warning: variable 'docDOI' was never mutated; consider changing to 'let' constant
2522 |     
2523 |     // 0. Try to find DOI using sophisticated logic
2524 |     var docDOI: String? = await findDOI(in: doc, allowOnline: allowOnline)
     |         `- warning: variable 'docDOI' was never mutated; consider changing to 'let' constant
2525 |     var docArXivID: String? = nil
2526 |     
[3/5] Write Objects.LinkFileList
[4/5] Linking GhostPDF+
Build complete! (37.73s)
build-beta/GhostPDF+ Beta.app: replacing existing signature
Beta Build complete: build-beta/GhostPDF+ Beta.app
