Building GhostPDF+ Beta...
Building for production...
[0/4] Write sources
[1/4] Write swift-version--58304C5D6DBC2206.txt
[3/5] Compiling GhostPDF_ CitationFormatter.swift
/Users/usalman/pdf_compressor_store/NanoPDF-Complete/Sources/ContentView.swift:3777:25: error: the compiler is unable to type-check this expression in reasonable time; try breaking up the expression into distinct sub-expressions
3775 |     }
3776 | 
3777 |     var body: some View {
     |                         `- error: the compiler is unable to type-check this expression in reasonable time; try breaking up the expression into distinct sub-expressions
3778 |         // Check if Tahoe (macOS 15.1+) is available
3779 |         let isTahoeAvailable = if #available(macOS 99.0, *) { true } else { false }

/Users/usalman/pdf_compressor_store/NanoPDF-Complete/Sources/PDFCompressor.swift:776:9: warning: variable 'doi' was never mutated; consider changing to 'let' constant
 774 | 
 775 |     // First, try to extract DOI using unified logic
 776 |     var doi = await findDOI(in: doc, allowOnline: allowOnline) ?? ""
     |         `- warning: variable 'doi' was never mutated; consider changing to 'let' constant
 777 |     var arxivID = ""
 778 |     

/Users/usalman/pdf_compressor_store/NanoPDF-Complete/Sources/PDFCompressor.swift:936:9: warning: variable 'number' was never mutated; consider changing to 'let' constant
 934 |     var journal = "Unknown Journal"
 935 |     var volume = ""
 936 |     var number = ""
     |         `- warning: variable 'number' was never mutated; consider changing to 'let' constant
 937 |     var pages = ""
 938 |     var doi = extractedDOI // Use the DOI already extracted

/Users/usalman/pdf_compressor_store/NanoPDF-Complete/Sources/PDFCompressor.swift:938:9: warning: variable 'doi' was never mutated; consider changing to 'let' constant
 936 |     var number = ""
 937 |     var pages = ""
 938 |     var doi = extractedDOI // Use the DOI already extracted
     |         `- warning: variable 'doi' was never mutated; consider changing to 'let' constant
 939 |     
 940 |     if let firstPage = doc.page(at: 0), let text = firstPage.string {

/Users/usalman/pdf_compressor_store/NanoPDF-Complete/Sources/PDFCompressor.swift:2478:9: warning: variable 'docDOI' was never mutated; consider changing to 'let' constant
2476 |     
2477 |     // 0. Try to find DOI using sophisticated logic
2478 |     var docDOI: String? = await findDOI(in: doc, allowOnline: allowOnline)
     |         `- warning: variable 'docDOI' was never mutated; consider changing to 'let' constant
2479 |     var docArXivID: String? = nil
2480 |     
